1616786008649	geckodriver	INFO	Listening on 127.0.0.1:51904
1616786008670	mozrunner::runner	INFO	Running command: "/Applications/Firefox.app/Contents/MacOS/firefox-bin" "--marionette" "-foreground" "-no-remote" "-profile" "/var/folders/zv/0rk2l4vj6d73ydngqr5ny58r0000gn/T/rust_mozprofileLz2Cqi"
console.warn: SearchSettings: "get: No settings file exists, new profile?" (new Error("", "(unknown module)"))
1616786011328	Marionette	INFO	Listening on port 51909
1616786011369	Marionette	WARN	TLS certificate errors will be ignored for this session
console.log: WebExtensions: reset-default-search: No addons in our list are installed.
console.error: "Error while calling actor 'pagestyle's method 'getApplied'" "node is null"
console.error: "getApplied@resource://devtools/server/actors/page-style.js:571:5\nhandler@resource://devtools/shared/protocol/Actor.js:172:37\nonPacket@resource://devtools/server/devtools-server-connection.js:379:58\nreceiveMessage@resource://devtools/shared/transport/child-transport.js:68:16\n"
JavaScript warning: https://ajax.googleapis.com/ajax/libs/jquery/1.10.2/jquery.min.js, line 2: Using //@ to indicate sourceMappingURL pragmas is deprecated. Use //# instead
console.error: "Error writing request: getGrids"
console.error: "Error writing request: getGrids"
console.error: "Error writing request: getGrids"
console.error: "Error writing request: getGrids"
console.error: "Error while calling actor 'pagestyle's method 'getApplied'" "node is null"
console.error: "getApplied@resource://devtools/server/actors/page-style.js:571:5\nhandler@resource://devtools/shared/protocol/Actor.js:172:37\nonPacket@resource://devtools/server/devtools-server-connection.js:379:58\nreceiveMessage@resource://devtools/shared/transport/child-transport.js:68:16\n"
console.error: (new Error("Protocol error (TypeError): node is null from: server0.conn1.child3/pagestyle24 (resource://devtools/server/actors/page-style.js:571:5)", "resource://devtools/shared/protocol/Front.js", 361))
1616788401212	Marionette	INFO	Stopped listening on port 51909

###!!! [Parent][RunMessage] Error: Channel closing: too late to send/recv, messages will be lost

1616788429919	geckodriver	INFO	Listening on 127.0.0.1:52443
1616788430935	mozrunner::runner	INFO	Running command: "/Applications/Firefox.app/Contents/MacOS/firefox-bin" "--marionette" "-foreground" "-no-remote" "-profile" "/var/folders/zv/0rk2l4vj6d73ydngqr5ny58r0000gn/T/rust_mozprofileOIYRCP"
console.warn: SearchSettings: "get: No settings file exists, new profile?" (new Error("", "(unknown module)"))
1616788433686	Marionette	INFO	Listening on port 52450
1616788433725	Marionette	WARN	TLS certificate errors will be ignored for this session
console.log: WebExtensions: reset-default-search: No addons in our list are installed.
1616789248281	Marionette	WARN	Ignoring event 'pageshow' because document has an invalid readyState of 'uninitialized'.
JavaScript error: , line 0: NotFoundError: Could not move source file(/var/folders/zv/0rk2l4vj6d73ydngqr5ny58r0000gn/T/rust_mozprofileOIYRCP/bookmarkbackups/bookmarks-2021-03-31_11_c5QqI0bJQ2quqK+xJ0YSFg==.jsonlz4) because it does not exist
